<?xml version="1.0" encoding="UTF-8"?>
<testng-results ignored="0" total="1" passed="1" failed="0" skipped="0">
  <reporter-output>
  </reporter-output>
  <suite started-at="2025-09-09T12:44:23 IST" name="Default suite" finished-at="2025-09-09T12:44:52 IST" duration-ms="29549">
    <groups>
    </groups>
    <test started-at="2025-09-09T12:44:23 IST" name="Default test" finished-at="2025-09-09T12:44:52 IST" duration-ms="29549">
      <class name="ClacT">
        <test-method signature="subs()[pri:0, instance:ClacT@67c27493]" started-at="2025-09-09T12:44:23 IST" name="subs" finished-at="2025-09-09T12:44:52 IST" duration-ms="29458" status="PASS">
          <reporter-output>
          </reporter-output>
        </test-method> <!-- subs -->
      </class> <!-- ClacT -->
    </test> <!-- Default test -->
  </suite> <!-- Default suite -->
</testng-results>
